2023-07-25 18:07:353 INFO  HomePage :93 - Select salary type<salaryType>from dropdown [[ChromeDriver: chrome on windows (48452d2e783fd441745fc5fa2d00b80d)] -> xpath: //select[@id='salarytype']]
2023-07-25 20:07:647 INFO  HomePage :44 - enter the job title[[ChromeDriver: chrome on windows (b0bee55212efd4844a5f22b828ecec1d)] -> xpath: //input[@id='keywords']]
2023-07-25 20:07:724 INFO  HomePage :50 - enter location[[ChromeDriver: chrome on windows (b0bee55212efd4844a5f22b828ecec1d)] -> xpath: //input[@id='location']]
2023-07-25 20:07:860 INFO  HomePage :56 - select distance[[ChromeDriver: chrome on windows (b0bee55212efd4844a5f22b828ecec1d)] -> xpath: //select[@id='distance']]
2023-07-25 20:07:934 INFO  HomePage :62 - click on search option[[ChromeDriver: chrome on windows (b0bee55212efd4844a5f22b828ecec1d)] -> xpath: //button[@id='toggle-hp-search']]
2023-07-25 20:07:23 INFO  HomePage :68 - enter minimum salary[[ChromeDriver: chrome on windows (b0bee55212efd4844a5f22b828ecec1d)] -> xpath: //input[@id='salarymin']]
2023-07-25 20:07:107 INFO  HomePage :74 - enter maximum salary[[ChromeDriver: chrome on windows (b0bee55212efd4844a5f22b828ecec1d)] -> xpath: //input[@id='salarymax']]
2023-07-25 20:07:206 INFO  HomePage :80 - select salary type[[ChromeDriver: chrome on windows (b0bee55212efd4844a5f22b828ecec1d)] -> xpath: //select[@id='salarytype']]
2023-07-25 20:07:275 INFO  HomePage :86 - select job type[[ChromeDriver: chrome on windows (b0bee55212efd4844a5f22b828ecec1d)] -> xpath: //select[@id='tempperm']]
2023-07-25 20:07:347 INFO  HomePage :92 - click on find job button[[ChromeDriver: chrome on windows (b0bee55212efd4844a5f22b828ecec1d)] -> xpath: //input[@id='hp-search-btn']]
2023-07-25 20:07:707 INFO  ResultPage :22 - Getting result Permanent Tester jobs in Harrow
2023-07-25 20:07:707 INFO  HomePage :44 - enter the job title[[ChromeDriver: chrome on windows (739b8f3a0ebff1bf4f0302a128890593)] -> xpath: //input[@id='keywords']]
2023-07-25 20:07:760 INFO  HomePage :50 - enter location[[ChromeDriver: chrome on windows (739b8f3a0ebff1bf4f0302a128890593)] -> xpath: //input[@id='location']]
2023-07-25 20:07:822 INFO  HomePage :56 - select distance[[ChromeDriver: chrome on windows (739b8f3a0ebff1bf4f0302a128890593)] -> xpath: //select[@id='distance']]
2023-07-25 20:07:878 INFO  HomePage :62 - click on search option[[ChromeDriver: chrome on windows (739b8f3a0ebff1bf4f0302a128890593)] -> xpath: //button[@id='toggle-hp-search']]
2023-07-25 20:07:959 INFO  HomePage :68 - enter minimum salary[[ChromeDriver: chrome on windows (739b8f3a0ebff1bf4f0302a128890593)] -> xpath: //input[@id='salarymin']]
2023-07-25 20:07:21 INFO  HomePage :74 - enter maximum salary[[ChromeDriver: chrome on windows (739b8f3a0ebff1bf4f0302a128890593)] -> xpath: //input[@id='salarymax']]
2023-07-25 20:07:129 INFO  HomePage :80 - select salary type[[ChromeDriver: chrome on windows (739b8f3a0ebff1bf4f0302a128890593)] -> xpath: //select[@id='salarytype']]
2023-07-25 20:07:196 INFO  HomePage :86 - select job type[[ChromeDriver: chrome on windows (739b8f3a0ebff1bf4f0302a128890593)] -> xpath: //select[@id='tempperm']]
2023-07-25 20:07:266 INFO  HomePage :92 - click on find job button[[ChromeDriver: chrome on windows (739b8f3a0ebff1bf4f0302a128890593)] -> xpath: //input[@id='hp-search-btn']]
2023-07-25 20:07:650 INFO  ResultPage :22 - Getting result Contract Developer jobs in Harrow
2023-07-25 20:07:333 INFO  HomePage :44 - enter the job title[[ChromeDriver: chrome on windows (58d1c380680f81b85d9081efc8806a53)] -> xpath: //input[@id='keywords']]
2023-07-25 20:07:405 INFO  HomePage :50 - enter location[[ChromeDriver: chrome on windows (58d1c380680f81b85d9081efc8806a53)] -> xpath: //input[@id='location']]
2023-07-25 20:07:494 INFO  HomePage :56 - select distance[[ChromeDriver: chrome on windows (58d1c380680f81b85d9081efc8806a53)] -> xpath: //select[@id='distance']]
2023-07-25 20:07:540 INFO  HomePage :62 - click on search option[[ChromeDriver: chrome on windows (58d1c380680f81b85d9081efc8806a53)] -> xpath: //button[@id='toggle-hp-search']]
2023-07-25 20:07:638 INFO  HomePage :68 - enter minimum salary[[ChromeDriver: chrome on windows (58d1c380680f81b85d9081efc8806a53)] -> xpath: //input[@id='salarymin']]
2023-07-25 20:07:709 INFO  HomePage :74 - enter maximum salary[[ChromeDriver: chrome on windows (58d1c380680f81b85d9081efc8806a53)] -> xpath: //input[@id='salarymax']]
2023-07-25 20:07:788 INFO  HomePage :80 - select salary type[[ChromeDriver: chrome on windows (58d1c380680f81b85d9081efc8806a53)] -> xpath: //select[@id='salarytype']]
2023-07-25 20:07:852 INFO  HomePage :86 - select job type[[ChromeDriver: chrome on windows (58d1c380680f81b85d9081efc8806a53)] -> xpath: //select[@id='tempperm']]
2023-07-25 20:07:920 INFO  HomePage :92 - click on find job button[[ChromeDriver: chrome on windows (58d1c380680f81b85d9081efc8806a53)] -> xpath: //input[@id='hp-search-btn']]
2023-07-25 20:07:871 INFO  ResultPage :22 - Getting result Temporary Graphic Designer jobs in London
2023-07-25 20:07:617 INFO  HomePage :44 - enter the job title[[ChromeDriver: chrome on windows (8dc81f8e1335b2cf28bc58a65c06112a)] -> xpath: //input[@id='keywords']]
2023-07-25 20:07:700 INFO  HomePage :50 - enter location[[ChromeDriver: chrome on windows (8dc81f8e1335b2cf28bc58a65c06112a)] -> xpath: //input[@id='location']]
2023-07-25 20:07:752 INFO  HomePage :56 - select distance[[ChromeDriver: chrome on windows (8dc81f8e1335b2cf28bc58a65c06112a)] -> xpath: //select[@id='distance']]
2023-07-25 20:07:811 INFO  HomePage :62 - click on search option[[ChromeDriver: chrome on windows (8dc81f8e1335b2cf28bc58a65c06112a)] -> xpath: //button[@id='toggle-hp-search']]
2023-07-25 20:07:892 INFO  HomePage :68 - enter minimum salary[[ChromeDriver: chrome on windows (8dc81f8e1335b2cf28bc58a65c06112a)] -> xpath: //input[@id='salarymin']]
2023-07-25 20:07:952 INFO  HomePage :74 - enter maximum salary[[ChromeDriver: chrome on windows (8dc81f8e1335b2cf28bc58a65c06112a)] -> xpath: //input[@id='salarymax']]
2023-07-25 20:07:56 INFO  HomePage :80 - select salary type[[ChromeDriver: chrome on windows (8dc81f8e1335b2cf28bc58a65c06112a)] -> xpath: //select[@id='salarytype']]
2023-07-25 20:07:118 INFO  HomePage :86 - select job type[[ChromeDriver: chrome on windows (8dc81f8e1335b2cf28bc58a65c06112a)] -> xpath: //select[@id='tempperm']]
2023-07-25 20:07:187 INFO  HomePage :92 - click on find job button[[ChromeDriver: chrome on windows (8dc81f8e1335b2cf28bc58a65c06112a)] -> xpath: //input[@id='hp-search-btn']]
2023-07-25 20:07:366 INFO  ResultPage :22 - Getting result Permanent Salesforce jobs in Harrow
2023-07-25 20:07:147 INFO  HomePage :44 - enter the job title[[ChromeDriver: chrome on windows (4019e8b8e4e7747d94389cc0e7d0fdf3)] -> xpath: //input[@id='keywords']]
2023-07-25 20:07:221 INFO  HomePage :50 - enter location[[ChromeDriver: chrome on windows (4019e8b8e4e7747d94389cc0e7d0fdf3)] -> xpath: //input[@id='location']]
2023-07-25 20:07:304 INFO  HomePage :56 - select distance[[ChromeDriver: chrome on windows (4019e8b8e4e7747d94389cc0e7d0fdf3)] -> xpath: //select[@id='distance']]
2023-07-25 20:07:356 INFO  HomePage :62 - click on search option[[ChromeDriver: chrome on windows (4019e8b8e4e7747d94389cc0e7d0fdf3)] -> xpath: //button[@id='toggle-hp-search']]
2023-07-25 20:07:428 INFO  HomePage :68 - enter minimum salary[[ChromeDriver: chrome on windows (4019e8b8e4e7747d94389cc0e7d0fdf3)] -> xpath: //input[@id='salarymin']]
2023-07-25 20:07:485 INFO  HomePage :74 - enter maximum salary[[ChromeDriver: chrome on windows (4019e8b8e4e7747d94389cc0e7d0fdf3)] -> xpath: //input[@id='salarymax']]
2023-07-25 20:07:585 INFO  HomePage :80 - select salary type[[ChromeDriver: chrome on windows (4019e8b8e4e7747d94389cc0e7d0fdf3)] -> xpath: //select[@id='salarytype']]
2023-07-25 20:07:647 INFO  HomePage :86 - select job type[[ChromeDriver: chrome on windows (4019e8b8e4e7747d94389cc0e7d0fdf3)] -> xpath: //select[@id='tempperm']]
2023-07-25 20:07:715 INFO  HomePage :92 - click on find job button[[ChromeDriver: chrome on windows (4019e8b8e4e7747d94389cc0e7d0fdf3)] -> xpath: //input[@id='hp-search-btn']]
2023-07-25 20:07:07 INFO  ResultPage :22 - Getting result Temporary Data Analyst jobs
2023-07-25 20:07:704 INFO  HomePage :44 - enter the job title[[ChromeDriver: chrome on windows (ba13f92d10d5074f50ec37ca80e1d4c5)] -> xpath: //input[@id='keywords']]
2023-07-25 20:07:765 INFO  HomePage :50 - enter location[[ChromeDriver: chrome on windows (ba13f92d10d5074f50ec37ca80e1d4c5)] -> xpath: //input[@id='location']]
2023-07-25 20:07:840 INFO  HomePage :56 - select distance[[ChromeDriver: chrome on windows (ba13f92d10d5074f50ec37ca80e1d4c5)] -> xpath: //select[@id='distance']]
2023-07-25 20:07:892 INFO  HomePage :62 - click on search option[[ChromeDriver: chrome on windows (ba13f92d10d5074f50ec37ca80e1d4c5)] -> xpath: //button[@id='toggle-hp-search']]
2023-07-25 20:07:976 INFO  HomePage :68 - enter minimum salary[[ChromeDriver: chrome on windows (ba13f92d10d5074f50ec37ca80e1d4c5)] -> xpath: //input[@id='salarymin']]
2023-07-25 20:07:38 INFO  HomePage :74 - enter maximum salary[[ChromeDriver: chrome on windows (ba13f92d10d5074f50ec37ca80e1d4c5)] -> xpath: //input[@id='salarymax']]
2023-07-25 20:07:132 INFO  HomePage :80 - select salary type[[ChromeDriver: chrome on windows (ba13f92d10d5074f50ec37ca80e1d4c5)] -> xpath: //select[@id='salarytype']]
2023-07-25 20:07:192 INFO  HomePage :86 - select job type[[ChromeDriver: chrome on windows (ba13f92d10d5074f50ec37ca80e1d4c5)] -> xpath: //select[@id='tempperm']]
2023-07-25 20:07:262 INFO  HomePage :92 - click on find job button[[ChromeDriver: chrome on windows (ba13f92d10d5074f50ec37ca80e1d4c5)] -> xpath: //input[@id='hp-search-btn']]
2023-07-25 20:07:348 INFO  ResultPage :22 - Getting result Apprenticeship Qa Tester jobs
2023-07-25 20:07:798 INFO  HomePage :44 - enter the job title[[ChromeDriver: chrome on windows (4d1fe7e503829df78ab4431a052a7b4e)] -> xpath: //input[@id='keywords']]
2023-07-25 20:07:869 INFO  HomePage :50 - enter location[[ChromeDriver: chrome on windows (4d1fe7e503829df78ab4431a052a7b4e)] -> xpath: //input[@id='location']]
2023-07-25 20:07:974 INFO  HomePage :56 - select distance[[ChromeDriver: chrome on windows (4d1fe7e503829df78ab4431a052a7b4e)] -> xpath: //select[@id='distance']]
2023-07-25 20:07:34 INFO  HomePage :62 - click on search option[[ChromeDriver: chrome on windows (4d1fe7e503829df78ab4431a052a7b4e)] -> xpath: //button[@id='toggle-hp-search']]
2023-07-25 20:07:129 INFO  HomePage :68 - enter minimum salary[[ChromeDriver: chrome on windows (4d1fe7e503829df78ab4431a052a7b4e)] -> xpath: //input[@id='salarymin']]
2023-07-25 20:07:220 INFO  HomePage :74 - enter maximum salary[[ChromeDriver: chrome on windows (4d1fe7e503829df78ab4431a052a7b4e)] -> xpath: //input[@id='salarymax']]
2023-07-25 20:07:306 INFO  HomePage :80 - select salary type[[ChromeDriver: chrome on windows (4d1fe7e503829df78ab4431a052a7b4e)] -> xpath: //select[@id='salarytype']]
2023-07-25 20:07:376 INFO  HomePage :86 - select job type[[ChromeDriver: chrome on windows (4d1fe7e503829df78ab4431a052a7b4e)] -> xpath: //select[@id='tempperm']]
2023-07-25 20:07:443 INFO  HomePage :92 - click on find job button[[ChromeDriver: chrome on windows (4d1fe7e503829df78ab4431a052a7b4e)] -> xpath: //input[@id='hp-search-btn']]
2023-07-25 20:07:841 INFO  ResultPage :22 - Getting result Permanent Tester jobs in Harrow
2023-07-25 20:07:799 INFO  HomePage :44 - enter the job title[[ChromeDriver: chrome on windows (32c32a947242c9de96b348f81085b4f8)] -> xpath: //input[@id='keywords']]
2023-07-25 20:07:860 INFO  HomePage :50 - enter location[[ChromeDriver: chrome on windows (32c32a947242c9de96b348f81085b4f8)] -> xpath: //input[@id='location']]
2023-07-25 20:07:923 INFO  HomePage :56 - select distance[[ChromeDriver: chrome on windows (32c32a947242c9de96b348f81085b4f8)] -> xpath: //select[@id='distance']]
2023-07-25 20:07:975 INFO  HomePage :62 - click on search option[[ChromeDriver: chrome on windows (32c32a947242c9de96b348f81085b4f8)] -> xpath: //button[@id='toggle-hp-search']]
2023-07-25 20:07:52 INFO  HomePage :68 - enter minimum salary[[ChromeDriver: chrome on windows (32c32a947242c9de96b348f81085b4f8)] -> xpath: //input[@id='salarymin']]
2023-07-25 20:07:120 INFO  HomePage :74 - enter maximum salary[[ChromeDriver: chrome on windows (32c32a947242c9de96b348f81085b4f8)] -> xpath: //input[@id='salarymax']]
2023-07-25 20:07:226 INFO  HomePage :80 - select salary type[[ChromeDriver: chrome on windows (32c32a947242c9de96b348f81085b4f8)] -> xpath: //select[@id='salarytype']]
2023-07-25 20:07:289 INFO  HomePage :86 - select job type[[ChromeDriver: chrome on windows (32c32a947242c9de96b348f81085b4f8)] -> xpath: //select[@id='tempperm']]
2023-07-25 20:07:366 INFO  HomePage :92 - click on find job button[[ChromeDriver: chrome on windows (32c32a947242c9de96b348f81085b4f8)] -> xpath: //input[@id='hp-search-btn']]
2023-07-25 20:07:483 INFO  ResultPage :22 - Getting result Contract Developer jobs in Harrow
2023-07-25 20:07:312 INFO  HomePage :44 - enter the job title[[ChromeDriver: chrome on windows (9b734d5e9010e16b4fe1d9cd5dfb586e)] -> xpath: //input[@id='keywords']]
2023-07-25 20:07:384 INFO  HomePage :50 - enter location[[ChromeDriver: chrome on windows (9b734d5e9010e16b4fe1d9cd5dfb586e)] -> xpath: //input[@id='location']]
2023-07-25 20:07:469 INFO  HomePage :56 - select distance[[ChromeDriver: chrome on windows (9b734d5e9010e16b4fe1d9cd5dfb586e)] -> xpath: //select[@id='distance']]
2023-07-25 20:07:525 INFO  HomePage :62 - click on search option[[ChromeDriver: chrome on windows (9b734d5e9010e16b4fe1d9cd5dfb586e)] -> xpath: //button[@id='toggle-hp-search']]
2023-07-25 20:07:609 INFO  HomePage :68 - enter minimum salary[[ChromeDriver: chrome on windows (9b734d5e9010e16b4fe1d9cd5dfb586e)] -> xpath: //input[@id='salarymin']]
2023-07-25 20:07:678 INFO  HomePage :74 - enter maximum salary[[ChromeDriver: chrome on windows (9b734d5e9010e16b4fe1d9cd5dfb586e)] -> xpath: //input[@id='salarymax']]
2023-07-25 20:07:766 INFO  HomePage :80 - select salary type[[ChromeDriver: chrome on windows (9b734d5e9010e16b4fe1d9cd5dfb586e)] -> xpath: //select[@id='salarytype']]
2023-07-25 20:07:830 INFO  HomePage :86 - select job type[[ChromeDriver: chrome on windows (9b734d5e9010e16b4fe1d9cd5dfb586e)] -> xpath: //select[@id='tempperm']]
2023-07-25 20:07:898 INFO  HomePage :92 - click on find job button[[ChromeDriver: chrome on windows (9b734d5e9010e16b4fe1d9cd5dfb586e)] -> xpath: //input[@id='hp-search-btn']]
2023-07-25 20:07:985 INFO  ResultPage :22 - Getting result Temporary Graphic Designer jobs in London
2023-07-25 20:07:782 INFO  HomePage :44 - enter the job title[[ChromeDriver: chrome on windows (3976d9e940b52943e52b3796bd44f4ed)] -> xpath: //input[@id='keywords']]
2023-07-25 20:07:844 INFO  HomePage :50 - enter location[[ChromeDriver: chrome on windows (3976d9e940b52943e52b3796bd44f4ed)] -> xpath: //input[@id='location']]
2023-07-25 20:07:899 INFO  HomePage :56 - select distance[[ChromeDriver: chrome on windows (3976d9e940b52943e52b3796bd44f4ed)] -> xpath: //select[@id='distance']]
2023-07-25 20:07:957 INFO  HomePage :62 - click on search option[[ChromeDriver: chrome on windows (3976d9e940b52943e52b3796bd44f4ed)] -> xpath: //button[@id='toggle-hp-search']]
2023-07-25 20:07:36 INFO  HomePage :68 - enter minimum salary[[ChromeDriver: chrome on windows (3976d9e940b52943e52b3796bd44f4ed)] -> xpath: //input[@id='salarymin']]
2023-07-25 20:07:95 INFO  HomePage :74 - enter maximum salary[[ChromeDriver: chrome on windows (3976d9e940b52943e52b3796bd44f4ed)] -> xpath: //input[@id='salarymax']]
2023-07-25 20:07:205 INFO  HomePage :80 - select salary type[[ChromeDriver: chrome on windows (3976d9e940b52943e52b3796bd44f4ed)] -> xpath: //select[@id='salarytype']]
2023-07-25 20:07:266 INFO  HomePage :86 - select job type[[ChromeDriver: chrome on windows (3976d9e940b52943e52b3796bd44f4ed)] -> xpath: //select[@id='tempperm']]
2023-07-25 20:07:335 INFO  HomePage :92 - click on find job button[[ChromeDriver: chrome on windows (3976d9e940b52943e52b3796bd44f4ed)] -> xpath: //input[@id='hp-search-btn']]
2023-07-25 20:07:655 INFO  ResultPage :22 - Getting result Permanent Salesforce jobs in Harrow
2023-07-25 20:07:468 INFO  HomePage :44 - enter the job title[[ChromeDriver: chrome on windows (6c1ad13eca4bd5c8758ceac3201df4da)] -> xpath: //input[@id='keywords']]
2023-07-25 20:07:524 INFO  HomePage :50 - enter location[[ChromeDriver: chrome on windows (6c1ad13eca4bd5c8758ceac3201df4da)] -> xpath: //input[@id='location']]
2023-07-25 20:07:613 INFO  HomePage :56 - select distance[[ChromeDriver: chrome on windows (6c1ad13eca4bd5c8758ceac3201df4da)] -> xpath: //select[@id='distance']]
2023-07-25 20:07:657 INFO  HomePage :62 - click on search option[[ChromeDriver: chrome on windows (6c1ad13eca4bd5c8758ceac3201df4da)] -> xpath: //button[@id='toggle-hp-search']]
2023-07-25 20:07:736 INFO  HomePage :68 - enter minimum salary[[ChromeDriver: chrome on windows (6c1ad13eca4bd5c8758ceac3201df4da)] -> xpath: //input[@id='salarymin']]
2023-07-25 20:07:793 INFO  HomePage :74 - enter maximum salary[[ChromeDriver: chrome on windows (6c1ad13eca4bd5c8758ceac3201df4da)] -> xpath: //input[@id='salarymax']]
2023-07-25 20:07:887 INFO  HomePage :80 - select salary type[[ChromeDriver: chrome on windows (6c1ad13eca4bd5c8758ceac3201df4da)] -> xpath: //select[@id='salarytype']]
2023-07-25 20:07:948 INFO  HomePage :86 - select job type[[ChromeDriver: chrome on windows (6c1ad13eca4bd5c8758ceac3201df4da)] -> xpath: //select[@id='tempperm']]
2023-07-25 20:07:18 INFO  HomePage :92 - click on find job button[[ChromeDriver: chrome on windows (6c1ad13eca4bd5c8758ceac3201df4da)] -> xpath: //input[@id='hp-search-btn']]
2023-07-25 20:07:155 INFO  ResultPage :22 - Getting result Temporary Data Analyst jobs
2023-07-25 20:07:32 INFO  HomePage :44 - enter the job title[[ChromeDriver: chrome on windows (02ce6c5d4957c7eb8a7571cddca3830f)] -> xpath: //input[@id='keywords']]
2023-07-25 20:07:98 INFO  HomePage :50 - enter location[[ChromeDriver: chrome on windows (02ce6c5d4957c7eb8a7571cddca3830f)] -> xpath: //input[@id='location']]
2023-07-25 20:07:183 INFO  HomePage :56 - select distance[[ChromeDriver: chrome on windows (02ce6c5d4957c7eb8a7571cddca3830f)] -> xpath: //select[@id='distance']]
2023-07-25 20:07:237 INFO  HomePage :62 - click on search option[[ChromeDriver: chrome on windows (02ce6c5d4957c7eb8a7571cddca3830f)] -> xpath: //button[@id='toggle-hp-search']]
2023-07-25 20:07:315 INFO  HomePage :68 - enter minimum salary[[ChromeDriver: chrome on windows (02ce6c5d4957c7eb8a7571cddca3830f)] -> xpath: //input[@id='salarymin']]
2023-07-25 20:07:382 INFO  HomePage :74 - enter maximum salary[[ChromeDriver: chrome on windows (02ce6c5d4957c7eb8a7571cddca3830f)] -> xpath: //input[@id='salarymax']]
2023-07-25 20:07:474 INFO  HomePage :80 - select salary type[[ChromeDriver: chrome on windows (02ce6c5d4957c7eb8a7571cddca3830f)] -> xpath: //select[@id='salarytype']]
2023-07-25 20:07:537 INFO  HomePage :86 - select job type[[ChromeDriver: chrome on windows (02ce6c5d4957c7eb8a7571cddca3830f)] -> xpath: //select[@id='tempperm']]
2023-07-25 20:07:598 INFO  HomePage :92 - click on find job button[[ChromeDriver: chrome on windows (02ce6c5d4957c7eb8a7571cddca3830f)] -> xpath: //input[@id='hp-search-btn']]
2023-07-25 20:07:690 INFO  ResultPage :22 - Getting result Apprenticeship Qa Tester jobs
